<?xml version="1.0" encoding="UTF-8"?>
<!-- Generated by org.testng.reporters.JUnitReportReporter -->
<testsuite skipped="0" hostname="LAPTOP-ORI8JR52" name="com.tyroo.tests.ImdbTest" tests="1" failures="0" timestamp="2020-12-25T10:56:00 IST" time="19.220" errors="0">
  <testcase name="verifyApiAndUIResults" time="19.220" classname="com.tyroo.tests.ImdbTest"/>
</testsuite> <!-- com.tyroo.tests.ImdbTest -->
