<?xml version="1.0" encoding="UTF-8"?>
<!-- Generated by org.testng.reporters.JUnitReportReporter -->
<testsuite skipped="0" hostname="LAPTOP-ORI8JR52" name="com.tyroo.tests.ImdbTest" tests="1" failures="0" timestamp="2020-12-25T10:58:27 IST" time="22.580" errors="0">
  <testcase name="verifyApiAndUIResults" time="22.580" classname="com.tyroo.tests.ImdbTest"/>
</testsuite> <!-- com.tyroo.tests.ImdbTest -->
